<?xml version="1.0" encoding="UTF-8" standalone="no"?>
<testsuite failures="0" name="cucumber.runtime.formatter.JUnitFormatter" skipped="0" tests="1" time="32.072442">
<testcase classname="My Account Login" name="Log-In with valid username and password" time="32.072442">
<system-out><![CDATA[Given Open Browser..........................................................passed
When Enter the url "http://practice.automationtesting.in/"..................passed
And Click on My Account Menu................................................passed
And Enter registered Username and Password..................................passed
And Click on Login button...................................................passed
Then User must be logged in successfully....................................passed
]]></system-out>
</testcase>
</testsuite>
